INFO:ETL:Initializing ETL
INFO:ETL:Extract
INFO:ETL:Scrub
INFO:py4j.clientserver:Closing down clientserver connection
INFO:ETL:Initializing ETL
INFO:ETL:Extract
INFO:ETL:Scrub
INFO:py4j.clientserver:Closing down clientserver connection
INFO:ETL:Initializing ETL
INFO:ETL:Extract
INFO:ETL:Scrub
INFO:ETL:Load
INFO:py4j.clientserver:Closing down clientserver connection
INFO:ETL:Initializing ETL
INFO:ETL:Extract
INFO:ETL:Scrub
INFO:ETL:Load
INFO:py4j.clientserver:Closing down clientserver connection
INFO:ETL:Initializing ETL
INFO:ETL:Extract
INFO:ETL:Scrub
INFO:ETL:Load
INFO:py4j.clientserver:Closing down clientserver connection
INFO:ETL:Initializing ETL
INFO:ETL:Extract
INFO:ETL:Scrub
INFO:ETL:Load
INFO:py4j.clientserver:Closing down clientserver connection
INFO:ETL:Initializing ETL
INFO:ETL:Extract
INFO:ETL:Scrub
INFO:ETL:Load
INFO:py4j.clientserver:Closing down clientserver connection
INFO:ETL:Initializing ETL
INFO:ETL:Extract
INFO:ETL:Scrub
INFO:ETL:Load
INFO:py4j.clientserver:Closing down clientserver connection
INFO:ETL:Initializing ETL
INFO:ETL:Extract
INFO:ETL:Scrub
INFO:ETL:Load
INFO:py4j.clientserver:Closing down clientserver connection
INFO:ETL:Initializing ETL
INFO:ETL:Extract
INFO:ETL:Scrub
INFO:ETL:Load
INFO:py4j.clientserver:Closing down clientserver connection
INFO:ETL:Initializing ETL
INFO:ETL:Extract
INFO:ETL:Scrub
INFO:py4j.clientserver:Closing down clientserver connection
INFO:ETL:Initializing ETL
INFO:ETL:Extract
INFO:ETL:Scrub
INFO:py4j.clientserver:Closing down clientserver connection
INFO:ETL:Initializing ETL
INFO:ETL:Extract
INFO:ETL:Scrub
INFO:ETL:Load
INFO:py4j.clientserver:Closing down clientserver connection
INFO:ETL:Initializing ETL
INFO:ETL:Extract
INFO:ETL:Scrub
INFO:ETL:Load
INFO:py4j.clientserver:Closing down clientserver connection
INFO:ETL:Initializing ETL
INFO:ETL:Extract
INFO:ETL:Scrub
INFO:ETL:Load
INFO:py4j.clientserver:Closing down clientserver connection
